Apr 12 16:37:18 Updated: nss-util-3.16.0-1.fc19.i686
Apr 12 16:37:20 Updated: ca-certificates-2013.1.97-1.fc19.noarch
Apr 12 16:37:21 Updated: kernel-headers-3.13.9-100.fc19.i686
Apr 12 16:38:00 Installed: kernel-debug-devel-3.13.9-100.fc19.i686
Apr 12 16:38:00 Updated: nss-softokn-freebl-3.16.0-1.fc19.i686
Apr 12 16:38:00 Updated: nss-softokn-3.16.0-1.fc19.i686
Apr 12 16:38:00 Updated: nss-sysinit-3.16.0-1.fc19.i686
Apr 12 16:38:00 Updated: nss-3.16.0-1.fc19.i686
Apr 12 16:38:00 Updated: rpm-libs-4.11.2-2.fc19.i686
Apr 12 16:38:01 Updated: rpm-4.11.2-2.fc19.i686
Apr 12 16:38:01 Updated: rpm-build-libs-4.11.2-2.fc19.i686
Apr 12 16:38:01 Updated: 1:openssl-libs-1.0.1e-37.fc19.1.i686
Apr 12 16:38:01 Updated: 1:openssl-1.0.1e-37.fc19.1.i686
Apr 12 16:38:01 Updated: rpm-python-4.11.2-2.fc19.i686
Apr 12 16:38:01 Updated: nss-tools-3.16.0-1.fc19.i686
Apr 12 16:38:02 Updated: libproxy-0.4.11-7.fc19.i686
Apr 12 16:38:02 Updated: pango-1.34.1-3.fc19.i686
Apr 12 16:38:02 Updated: procps-ng-3.3.8-12.fc19.i686
Apr 12 16:38:11 Installed: kernel-PAE-3.13.9-100.fc19.i686
May 23 18:33:22 Updated: bash-4.2.47-1.fc19.i686
May 23 18:33:22 Updated: elfutils-libelf-0.158-3.fc19.i686
May 23 18:33:22 Updated: audit-libs-2.3.6-1.fc19.i686
May 23 18:34:04 Installed: kernel-debug-devel-3.14.4-100.fc19.i686
May 23 18:34:04 Updated: 1:cups-filesystem-1.6.4-5.fc19.noarch
May 23 18:34:10 Updated: linux-firmware-20140317-35.gitdec41bce.fc19.noarch
May 23 18:34:10 Updated: python-pexpect-3.1-1.fc19.noarch
May 23 18:34:12 Updated: kernel-headers-3.14.4-100.fc19.i686
May 23 18:34:12 Updated: elfutils-libs-0.158-3.fc19.i686
May 23 18:34:12 Updated: libjpeg-turbo-1.3.1-2.fc19.i686
May 23 18:34:13 Updated: systemtap-devel-2.5-2.fc19.i686
May 23 18:34:13 Updated: 1:cups-libs-1.6.4-5.fc19.i686
May 23 18:34:13 Updated: systemtap-runtime-2.5-2.fc19.i686
May 23 18:34:13 Updated: python-pillow-2.0.0-13.gitd1c6db8.fc19.i686
May 23 18:34:15 Updated: systemtap-client-2.5-2.fc19.i686
May 23 18:34:16 Updated: systemtap-2.5-2.fc19.i686
May 23 18:34:17 Updated: 1:cups-1.6.4-5.fc19.i686
May 23 18:34:26 Updated: 1:java-1.7.0-openjdk-1.7.0.60-2.4.7.0.fc19.i686
May 23 18:34:35 Installed: kernel-PAE-3.14.4-100.fc19.i686
May 23 18:34:35 Updated: audit-2.3.6-1.fc19.i686
May 23 18:34:36 Updated: os-prober-1.58-6.fc19.i686
May 23 18:34:36 Updated: libssh2-1.4.3-7.fc19.i686
May 23 18:34:36 Updated: jbigkit-libs-2.0-9.fc19.i686
May 23 18:34:36 Updated: json-c-0.11-6.fc19.i686
May 23 18:34:36 Updated: libvpx-1.3.0-4.fc19.i686
May 23 18:37:00 Installed: emacs-haskell-mode-2.9.1-1.fc19.noarch
Jun 09 00:57:10 Updated: yum-3.4.3-137.fc19.noarch
Jun 09 00:57:10 Updated: nspr-4.10.5-1.fc19.i686
Jun 09 00:57:10 Updated: nss-util-3.16.1-1.fc19.i686
Jun 09 00:57:10 Updated: nss-softokn-freebl-3.16.1-1.fc19.i686
Jun 09 00:57:10 Updated: nss-softokn-3.16.1-1.fc19.i686
Jun 09 00:57:10 Updated: nss-sysinit-3.16.1-1.fc19.i686
Jun 09 00:57:10 Updated: nss-3.16.1-1.fc19.i686
Jun 09 00:57:11 Updated: 1:openssl-libs-1.0.1e-38.fc19.i686
Jun 09 00:57:12 Updated: 1:qt-4.8.6-5.fc19.i686
Jun 09 00:57:12 Updated: libcurl-7.29.0-19.fc19.i686
Jun 09 00:57:12 Updated: curl-7.29.0-19.fc19.i686
Jun 09 00:57:15 Updated: 1:qt-x11-4.8.6-5.fc19.i686
Jun 09 00:57:16 Updated: 1:openssl-1.0.1e-38.fc19.i686
Jun 09 00:57:16 Updated: nss-tools-3.16.1-1.fc19.i686
Jun 09 00:57:16 Updated: taglib-1.9.1-5.fc19.i686
Jun 09 00:57:16 Updated: lcms2-2.6-1.fc19.i686
Jun 09 21:34:28 Installed: 3:texlive-tetex-bin-svn29741.0-0.1.20130608_r30832.fc19.noarch
Jun 09 21:34:28 Installed: freetype-devel-2.4.11-7.fc19.i686
Jun 09 21:34:28 Installed: fontconfig-devel-2.10.93-1.fc19.i686
Jun 09 21:34:29 Installed: pcre-devel-8.32-8.fc19.i686
Jun 09 21:34:29 Installed: 3:texlive-luaotfload-bin-svn30313.0-0.1.20130608_r30832.fc19.noarch
Jun 09 21:34:29 Installed: bzip2-devel-1.0.6-8.fc19.i686
Jun 09 21:34:29 Installed: 1:java_cup-0.11a-12.fc19.noarch
Jun 09 21:34:29 Installed: 3:texlive-thumbpdf-bin-svn6898.0-0.1.20130608_r30832.fc19.noarch
Jun 09 21:34:29 Installed: 3:texlive-texlive-scripts-bin-svn29741.0-0.1.20130608_r30832.fc19.noarch
Jun 09 21:34:29 Installed: perl-Text-Unidecode-0.04-18.fc19.noarch
Jun 09 21:34:29 Installed: xz-devel-5.1.2-4alpha.fc19.i686
Jun 09 21:34:29 Installed: xdg-utils-1.1.0-0.18.20131005git.fc19.noarch
Jun 09 21:34:29 Installed: 3:texlive-texlive-en-doc-svn30632.0-0.1.fc19.noarch
Jun 09 21:34:29 Installed: 3:texlive-texlive-common-doc-svn30524.0-0.1.fc19.noarch
Jun 09 21:34:29 Installed: 3:texlive-mptopdf-bin-svn18674.0-0.1.20130608_r30832.fc19.noarch
Jun 09 21:34:29 Installed: 3:texlive-texconfig-bin-svn29741.0-0.1.20130608_r30832.fc19.noarch
Jun 09 21:34:29 Installed: libquadmath-devel-4.8.2-7.fc19.i686
Jun 09 21:34:29 Installed: 3:texlive-latex-bin-bin-svn14050.0-0.1.20130608_r30832.fc19.noarch
Jun 09 21:34:29 Installed: libXrender-devel-0.9.7-6.20130524git786f78fd8.fc19.i686
Jun 09 21:34:30 Installed: libXft-devel-2.3.1-4.fc19.i686
Jun 09 21:34:30 Installed: 3:texlive-texlive.infra-bin-svn29741.0-0.1.20130608_r30832.fc19.i686
Jun 09 21:34:30 Installed: 3:texlive-kpathsea-bin-svn30088.0-0.1.20130608_r30832.fc19.i686
Jun 09 21:34:30 Installed: 3:texlive-kpathsea-svn30218.0-0.1.fc19.noarch
Jun 09 21:34:30 Installed: 3:texlive-graphics-svn25405.1.0o-0.1.fc19.noarch
Jun 09 21:34:30 Installed: 3:texlive-texlive.infra-svn30804.0-0.1.fc19.noarch
Jun 09 21:34:30 Installed: 3:texlive-hyphen-base-svn30797.0-0.1.fc19.noarch
Jun 09 21:34:30 Installed: 3:texlive-tetex-svn30480.3.0-0.1.fc19.noarch
Jun 09 21:34:30 Installed: 3:texlive-tools-svn29849.0-0.1.fc19.noarch
Jun 09 21:34:30 Installed: 3:texlive-amsmath-svn30645.2.14-0.1.fc19.noarch
Jun 09 21:34:30 Installed: 3:texlive-xkeyval-svn27995.2.6a-0.1.fc19.noarch
Jun 09 21:34:30 Installed: 3:texlive-ifxetex-svn19685.0.5-0.1.fc19.noarch
Jun 09 21:34:30 Installed: 3:texlive-etex-pkg-svn15878.2.0-0.1.fc19.noarch
Jun 09 21:34:32 Installed: 3:texlive-amsfonts-svn29208.3.04-0.1.fc19.noarch
Jun 09 21:34:32 Installed: 3:texlive-url-svn16864.3.2-0.1.fc19.noarch
Jun 09 21:34:32 Installed: 3:texlive-booktabs-svn15878.1.61803-0.1.fc19.noarch
Jun 09 21:34:32 Installed: 3:texlive-psnfss-svn23394.9.2a-0.1.fc19.noarch
Jun 09 21:34:32 Installed: 3:texlive-ifluatex-svn26725.1.3-0.1.fc19.noarch
Jun 09 21:34:32 Installed: 3:texlive-etoolbox-svn20922.2.1-0.1.fc19.noarch
Jun 09 21:34:32 Installed: 3:texlive-colortbl-svn29803.v1.0a-0.1.fc19.noarch
Jun 09 21:34:32 Installed: 3:texlive-caption-svn30449.2013_05_12-0.1.fc19.noarch
Jun 09 21:34:37 Installed: 3:texlive-lm-svn28119.2.004-0.1.fc19.noarch
Jun 09 21:34:37 Installed: 3:texlive-fp-svn15878.0-0.1.fc19.noarch
Jun 09 21:34:37 Installed: 3:texlive-multido-svn18302.1.42-0.1.fc19.noarch
Jun 09 21:34:37 Installed: 3:texlive-babel-svn30576.3.9f-0.1.fc19.noarch
Jun 09 21:34:37 Installed: 3:texlive-latex-fonts-svn28888.0-0.1.fc19.noarch
Jun 09 21:34:37 Installed: blas-3.4.2-2.fc19.i686
Jun 09 21:34:38 Installed: 1:tcl-8.5.14-1.fc19.i686
Jun 09 21:34:38 Installed: 1:tcl-devel-8.5.14-1.fc19.i686
Jun 09 21:34:38 Installed: 3:texlive-babelbib-svn25245.1.31-0.1.fc19.noarch
Jun 09 21:34:38 Installed: 3:texlive-subfig-svn15878.1.3-0.1.fc19.noarch
Jun 09 21:34:38 Installed: 3:texlive-thumbpdf-svn29725.3.15-0.1.fc19.noarch
Jun 09 21:34:38 Installed: 3:texlive-carlisle-svn18258.0-0.1.fc19.noarch
Jun 09 21:34:39 Installed: 3:texlive-natbib-svn20668.8.31b-0.1.fc19.noarch
Jun 09 21:34:39 Installed: 3:texlive-underscore-svn18261.0-0.1.fc19.noarch
Jun 09 21:34:39 Installed: 3:texlive-footmisc-svn23330.5.5b-0.1.fc19.noarch
Jun 09 21:34:39 Installed: 3:texlive-glyphlist-svn28576.0-0.1.fc19.noarch
Jun 09 21:34:39 Installed: 3:texlive-latexconfig-svn28991.0-0.1.fc19.noarch
Jun 09 21:34:39 Installed: 3:texlive-enumitem-svn24146.3.5.2-0.1.fc19.noarch
Jun 09 21:34:39 Installed: 3:texlive-plain-svn26647.0-0.1.fc19.noarch
Jun 09 21:34:39 Installed: 3:texlive-helvetic-svn28614.0-0.1.fc19.noarch
Jun 09 21:34:39 Installed: 3:texlive-courier-svn28614.0-0.1.fc19.noarch
Jun 09 21:34:39 Installed: 3:texlive-euler-svn17261.2.5-0.1.fc19.noarch
Jun 09 21:34:39 Installed: 3:texlive-setspace-svn24881.6.7a-0.1.fc19.noarch
Jun 09 21:34:40 Installed: 3:texlive-dvipdfmx-def-svn30729.0-0.1.fc19.noarch
Jun 09 21:34:41 Installed: 3:texlive-ec-svn25033.1.0-0.1.fc19.noarch
Jun 09 21:34:41 Installed: 3:texlive-index-svn24099.4.1beta-0.1.fc19.noarch
Jun 09 21:34:41 Installed: 3:texlive-float-svn15878.1.3d-0.1.fc19.noarch
Jun 09 21:34:41 Installed: 3:texlive-times-svn28614.0-0.1.fc19.noarch
Jun 09 21:34:41 Installed: 1:tk-8.5.14-1.fc19.i686
Jun 09 21:34:44 Installed: lapack-3.4.2-2.fc19.i686
Jun 09 21:34:46 Installed: gcc-gfortran-4.8.2-7.fc19.i686
Jun 09 21:34:46 Installed: blas-devel-3.4.2-2.fc19.i686
Jun 09 21:34:48 Installed: libicu-50.1.2-9.fc19.i686
Jun 09 21:34:48 Installed: 3:texlive-dvipdfmx-bin-svn30205.0-0.1.20130608_r30832.fc19.i686
Jun 09 21:34:48 Installed: 3:texlive-xdvi-bin-svn30088.0-0.1.20130608_r30832.fc19.i686
Jun 09 21:34:48 Installed: 3:texlive-xdvi-svn30339.22.86-0.1.fc19.noarch
Jun 09 21:34:48 Installed: 3:texlive-dvipdfmx-svn30386.0-0.1.fc19.noarch
Jun 09 21:34:48 Installed: lapack-devel-3.4.2-2.fc19.i686
Jun 09 21:34:48 Installed: 1:tk-devel-8.5.14-1.fc19.i686
Jun 09 21:34:48 Installed: 3:texlive-euro-svn22191.1.1-0.1.fc19.noarch
Jun 09 21:34:48 Installed: 3:texlive-csquotes-svn24393.5.1d-0.1.fc19.noarch
Jun 09 21:34:48 Installed: 3:texlive-fancyref-svn15878.0.9c-0.1.fc19.noarch
Jun 09 21:34:49 Installed: 3:texlive-qstest-svn15878.0-0.1.fc19.noarch
Jun 09 21:34:49 Installed: 3:texlive-txfonts-svn15878.0-0.1.fc19.noarch
Jun 09 21:34:49 Installed: 3:texlive-rsfs-svn15878.0-0.1.fc19.noarch
Jun 09 21:34:49 Installed: 3:texlive-cm-svn29581.0-0.1.fc19.noarch
Jun 09 21:34:50 Installed: 3:texlive-eurosym-svn17265.1.4_subrfix-0.1.fc19.noarch
Jun 09 21:34:50 Installed: 3:texlive-wasy-svn15878.0-0.1.fc19.noarch
Jun 09 21:34:50 Installed: 3:texlive-marvosym-svn29349.2.2a-0.1.fc19.noarch
Jun 09 21:34:50 Installed: 3:texlive-mptopdf-svn29751.0-0.1.fc19.noarch
Jun 09 21:34:50 Installed: 3:texlive-mflogo-svn17487.0-0.1.fc19.noarch
Jun 09 21:34:50 Installed: 3:texlive-pxfonts-svn15878.0-0.1.fc19.noarch
Jun 09 21:34:50 Installed: 3:texlive-texlive-scripts-svn30676.0-0.1.fc19.noarch
Jun 09 21:34:50 Installed: 3:texlive-sauerj-svn15878.0-0.1.fc19.noarch
Jun 09 21:34:50 Installed: 3:texlive-microtype-svn30755.2.5a-0.1.fc19.noarch
Jun 09 21:34:50 Installed: 3:texlive-psfrag-svn15878.3.04-0.1.fc19.noarch
Jun 09 21:34:51 Installed: 3:texlive-crop-svn15878.1.5-0.1.fc19.noarch
Jun 09 21:34:51 Installed: 3:texlive-pdftex-def-svn22653.0.06d-0.1.fc19.noarch
Jun 09 21:34:51 Installed: 3:texlive-fix2col-svn17133.0-0.1.fc19.noarch
Jun 09 21:34:51 Installed: 3:texlive-texconfig-svn29764.0-0.1.fc19.noarch
Jun 09 21:34:51 Installed: 3:texlive-mdwtools-svn15878.1.05.4-0.1.fc19.noarch
Jun 09 21:34:51 Installed: 3:texlive-cite-svn19955.5.3-0.1.fc19.noarch
Jun 09 21:34:51 Installed: 3:texlive-tex-gyre-math-svn29045.0-0.1.fc19.noarch
Jun 09 21:34:51 Installed: 3:texlive-textcase-svn15878.0-0.1.fc19.noarch
Jun 09 21:34:51 Installed: 3:texlive-bookman-svn28614.0-0.1.fc19.noarch
Jun 09 21:34:51 Installed: 3:texlive-chngcntr-svn17157.1.0a-0.1.fc19.noarch
Jun 09 21:34:51 Installed: 3:texlive-rcs-svn15878.0-0.1.fc19.noarch
Jun 09 21:34:51 Installed: 3:texlive-utopia-svn15878.0-0.1.fc19.noarch
Jun 09 21:34:51 Installed: 3:texlive-parskip-svn19963.2.0-0.1.fc19.noarch
Jun 09 21:34:51 Installed: 3:texlive-soul-svn15878.2.4-0.1.fc19.noarch
Jun 09 21:34:52 Installed: 3:texlive-fpl-svn15878.1.002-0.1.fc19.noarch
Jun 09 21:34:52 Installed: 3:texlive-zapfchan-svn28614.0-0.1.fc19.noarch
Jun 09 21:34:52 Installed: 3:texlive-ifetex-svn24853.1.2-0.1.fc19.noarch
Jun 09 21:34:52 Installed: 3:texlive-ntgclass-svn15878.0-0.1.fc19.noarch
Jun 09 21:34:52 Installed: 3:texlive-anysize-svn15878.0-0.1.fc19.noarch
Jun 09 21:34:52 Installed: 3:texlive-mathpazo-svn15878.1.003-0.1.fc19.noarch
Jun 09 21:34:52 Installed: 3:texlive-misc-svn24955.0-0.1.fc19.noarch
Jun 09 21:34:52 Installed: 3:texlive-marginnote-svn25880.v1.1i-0.1.fc19.noarch
Jun 09 21:34:52 Installed: 3:texlive-zapfding-svn28614.0-0.1.fc19.noarch
Jun 09 21:34:52 Installed: 3:texlive-beton-svn15878.0-0.1.fc19.noarch
Jun 09 21:34:52 Installed: 3:texlive-etex-svn29743.2.1-0.1.fc19.noarch
Jun 09 21:34:52 Installed: 3:texlive-symbol-svn28614.0-0.1.fc19.noarch
Jun 09 21:34:52 Installed: 3:texlive-babel-english-svn30264.0-0.1.fc19.noarch
Jun 09 21:34:52 Installed: 3:texlive-cmextra-svn14075.0-0.1.fc19.noarch
Jun 09 21:34:53 Installed: 3:texlive-hyph-utf8-svn30757.0-0.1.fc19.noarch
Jun 09 21:34:53 Installed: 3:texlive-ncntrsbk-svn28614.0-0.1.fc19.noarch
Jun 09 21:34:53 Installed: 3:texlive-mparhack-svn15878.1.4-0.1.fc19.noarch
Jun 09 21:34:54 Installed: 3:texlive-filecontents-svn24250.1.3-0.1.fc19.noarch
Jun 09 21:34:54 Installed: 3:texlive-varwidth-svn24104.0.92-0.1.fc19.noarch
Jun 09 21:34:54 Installed: 3:texlive-palatino-svn28614.0-0.1.fc19.noarch
Jun 09 21:34:54 Installed: 3:texlive-wasysym-svn15878.2.0-0.1.fc19.noarch
Jun 09 21:34:54 Installed: 3:texlive-avantgar-svn28614.0-0.1.fc19.noarch
Jun 09 21:34:54 Installed: 3:texlive-fancyhdr-svn15878.3.1-0.1.fc19.noarch
Jun 09 21:34:54 Installed: 3:texlive-kastrup-svn15878.0-0.1.fc19.noarch
Jun 09 21:34:54 Installed: 3:texlive-lm-math-svn29044.1.958-0.1.fc19.noarch
Jun 09 21:34:54 Installed: 3:texlive-mfnfss-svn19410.0-0.1.fc19.noarch
Jun 09 21:34:54 Installed: 3:texlive-parallel-svn15878.0-0.1.fc19.noarch
Jun 09 21:34:54 Installed: 3:texlive-type1cm-svn21820.0-0.1.fc19.noarch
Jun 09 21:34:54 Installed: 3:texlive-epsf-svn21461.2.7.4-0.1.fc19.noarch
Jun 09 21:34:54 Installed: 3:texlive-lua-alt-getopt-svn29349.0.7.0-0.1.fc19.noarch
Jun 09 21:34:54 Installed: 3:texlive-pspicture-svn15878.0-0.1.fc19.noarch
Jun 09 21:34:54 Installed: 3:texlive-enctex-svn28602.0-0.1.fc19.noarch
Jun 09 21:34:55 Installed: 3:texlive-texlive-msg-translations-svn30801.0-0.1.fc19.noarch
Jun 09 21:34:55 Installed: 3:texlive-pslatex-svn16416.0-0.1.fc19.noarch
Jun 09 21:34:55 Installed: 3:texlive-pst-math-svn20176.0.61-0.1.fc19.noarch
Jun 09 21:34:55 Installed: 3:texlive-charter-svn15878.0-0.1.fc19.noarch
Jun 09 21:34:55 Installed: 3:texlive-paralist-svn15878.2.3b-0.1.fc19.noarch
Jun 09 21:34:55 Installed: 3:texlive-sepnum-svn20186.2.0-0.1.fc19.noarch
Jun 09 21:34:55 Installed: 3:texlive-section-svn20180.0-0.1.fc19.noarch
Jun 09 21:34:55 Installed: 3:texlive-sansmath-svn17997.1.1-0.1.fc19.noarch
Jun 09 21:34:55 Installed: 3:texlive-fancybox-svn18304.1.4-0.1.fc19.noarch
Jun 09 21:34:55 Installed: 3:texlive-cmap-svn29849.1.0h-0.1.fc19.noarch
Jun 09 21:34:55 Installed: libicu-devel-50.1.2-9.fc19.i686
Jun 09 21:34:55 Installed: 3:texlive-pdftex-bin-svn30088.0-0.1.20130608_r30832.fc19.i686
Jun 09 21:34:56 Installed: 3:texlive-pdftex-svn30753.1.40.11-0.1.fc19.noarch
Jun 09 21:34:56 Installed: 3:texlive-tex-bin-svn30088.0-0.1.20130608_r30832.fc19.i686
Jun 09 21:34:56 Installed: 3:texlive-tex-svn29764.3.1415926-0.1.fc19.noarch
Jun 09 21:34:56 Installed: perl-libintl-1.20-11.fc19.i686
Jun 09 21:34:56 Installed: 3:texlive-makeindex-bin-svn30088.0-0.1.20130608_r30832.fc19.i686
Jun 09 21:34:56 Installed: 3:texlive-makeindex-svn29764.2.12-0.1.fc19.noarch
Jun 09 21:34:56 Installed: 3:texlive-bibtex-bin-svn30088.0-0.1.20130608_r30832.fc19.i686
Jun 09 21:34:56 Installed: 3:texlive-bibtex-svn29764.0.99d-0.1.fc19.noarch
Jun 09 21:34:56 Installed: 3:texlive-dvips-bin-svn30088.0-0.1.20130608_r30832.fc19.i686
Jun 09 21:34:57 Installed: 3:texlive-dvips-svn30753.0-0.1.fc19.noarch
Jun 09 21:34:57 Installed: libRmath-3.1.0-5.fc19.i686
Jun 09 21:34:57 Installed: libRmath-devel-3.1.0-5.fc19.i686
Jun 09 21:34:57 Installed: 3:texlive-metafont-bin-svn30088.0-0.1.20130608_r30832.fc19.i686
Jun 09 21:34:57 Installed: 3:texlive-metafont-svn29764.2.718281-0.1.fc19.noarch
Jun 09 21:34:57 Installed: 3:texlive-gsftopk-bin-svn30088.0-0.1.20130608_r30832.fc19.i686
Jun 09 21:34:57 Installed: 3:texlive-gsftopk-svn29764.1.19.2-0.1.fc19.noarch
Jun 09 21:34:57 Installed: perl-Data-Dumper-2.151-1.fc19.i686
Jun 09 21:34:57 Installed: texinfo-5.1-1.fc19.i686
Jun 09 21:34:57 Installed: 3:texlive-mfware-bin-svn30088.0-0.1.20130608_r30832.fc19.i686
Jun 09 21:34:58 Installed: 3:texlive-mfware-svn29764.0-0.1.fc19.noarch
Jun 09 21:34:58 Installed: libart_lgpl-2.3.21-7.fc19.i686
Jun 09 21:35:03 Installed: libgcj-4.8.2-7.fc19.i686
Jun 09 21:35:03 Installed: java-1.5.0-gcj-1.5.0.0-44.fc19.i686
Jun 09 21:35:04 Installed: sinjdoc-0.5-15.fc19.i686
Jun 09 21:35:04 Installed: zziplib-0.13.62-2.fc19.i686
Jun 09 21:35:04 Installed: 3:texlive-luatex-bin-svn30739.0-0.1.20130608_r30832.fc19.i686
Jun 09 21:35:05 Installed: 3:texlive-luatex-svn30581.0.70.1-0.1.fc19.noarch
Jun 09 21:35:05 Installed: 3:texlive-pst-eps-svn15878.1.0-0.1.fc19.noarch
Jun 09 21:35:05 Installed: 3:texlive-memoir-svn30639.3.7-0.1.fc19.noarch
Jun 09 21:35:05 Installed: 3:texlive-pgf-svn22614.2.10-0.1.fc19.noarch
Jun 09 21:35:05 Installed: 3:texlive-xcolor-svn15878.2.11-0.1.fc19.noarch
Jun 09 21:35:05 Installed: 3:texlive-luaotfload-svn30701.2.2d-0.1.fc19.noarch
Jun 09 21:35:05 Installed: 3:texlive-luatexbase-svn30562.0.6-0.1.fc19.noarch
Jun 09 21:35:05 Installed: 3:texlive-geometry-svn19716.5.6-0.1.fc19.noarch
Jun 09 21:35:05 Installed: 3:texlive-currfile-svn29012.0.7b-0.1.fc19.noarch
Jun 09 21:35:05 Installed: 3:texlive-filehook-svn24280.0.5d-0.1.fc19.noarch
Jun 09 21:35:05 Installed: 3:texlive-eso-pic-svn21515.2.0c-0.1.fc19.noarch
Jun 09 21:35:05 Installed: 3:texlive-breakurl-svn29901.1.40-0.1.fc19.noarch
Jun 09 21:35:05 Installed: 3:texlive-attachfile-svn21866.v1.5b-0.1.fc19.noarch
Jun 09 21:35:05 Installed: 3:texlive-showexpl-svn29838.v0.3k-0.1.fc19.noarch
Jun 09 21:35:05 Installed: 3:texlive-ms-svn29849.0-0.1.fc19.noarch
Jun 09 21:35:06 Installed: 3:texlive-koma-script-svn29774.3.11b-0.1.fc19.noarch
Jun 09 21:35:06 Installed: 3:texlive-xunicode-svn30466.0.981-0.1.fc19.noarch
Jun 09 21:35:07 Installed: 3:texlive-tipa-svn29349.1.3-0.1.fc19.noarch
Jun 09 21:35:07 Installed: 3:texlive-l3packages-svn29361.SVN_4467-0.1.fc19.noarch
Jun 09 21:35:07 Installed: 3:texlive-lualatex-math-svn29346.1.2-0.1.fc19.noarch
Jun 09 21:35:07 Installed: 3:texlive-l3kernel-svn29409.SVN_4469-0.1.fc19.noarch
Jun 09 21:35:07 Installed: 3:texlive-unicode-math-svn30504.0.7d-0.1.fc19.noarch
Jun 09 21:35:07 Installed: 3:texlive-fontspec-svn30618.v2.3a-0.1.fc19.noarch
Jun 09 21:35:07 Installed: 3:texlive-algorithms-svn15878.0.1-0.1.fc19.noarch
Jun 09 21:35:08 Installed: 3:texlive-latex-svn27907.0-0.1.fc19.noarch
Jun 09 21:35:08 Installed: 3:texlive-bera-svn20031.0-0.1.fc19.noarch
Jun 09 21:35:08 Installed: 3:texlive-hyperref-svn28213.6.83m-0.1.fc19.noarch
Jun 09 21:35:08 Installed: 3:texlive-oberdiek-svn30469.0-0.1.fc19.noarch
Jun 09 21:35:08 Installed: 3:texlive-listings-svn15878.1.4-0.1.fc19.noarch
Jun 09 21:35:08 Installed: 3:texlive-fancyvrb-svn18492.2.8-0.1.fc19.noarch
Jun 09 21:35:08 Installed: 3:texlive-pst-node-svn29899.1.27-0.1.fc19.noarch
Jun 09 21:35:09 Installed: 3:texlive-pst-text-svn15878.1.00-0.1.fc19.noarch
Jun 09 21:35:09 Installed: 3:texlive-pst-grad-svn15878.1.06-0.1.fc19.noarch
Jun 09 21:35:09 Installed: 3:texlive-pst-plot-svn30162.1.44-0.1.fc19.noarch
Jun 09 21:35:09 Installed: 3:texlive-pst-fill-svn15878.1.01-0.1.fc19.noarch
Jun 09 21:35:09 Installed: 3:texlive-pstricks-add-svn28750.3.59-0.1.fc19.noarch
Jun 09 21:35:09 Installed: 3:texlive-pst-3d-svn17257.1.10-0.1.fc19.noarch
Jun 09 21:35:09 Installed: 3:texlive-pst-coil-svn24020.1.06-0.1.fc19.noarch
Jun 09 21:35:09 Installed: 3:texlive-pst-tree-svn24142.1.12-0.1.fc19.noarch
Jun 09 21:35:09 Installed: 3:texlive-pstricks-svn30616.2.43-0.1.fc19.noarch
Jun 09 21:35:09 Installed: 3:texlive-collection-basic-svn30372.0-0.1.20130608_r30832.fc19.noarch
Jun 09 21:35:09 Installed: 3:texlive-rotating-svn16832.2.16b-0.1.fc19.noarch
Jun 09 21:35:17 Installed: 3:texlive-cm-super-svn15878.0-0.1.fc19.noarch
Jun 09 21:35:17 Installed: 3:texlive-amscls-svn30738.0-0.1.fc19.noarch
Jun 09 21:35:17 Installed: 3:texlive-ctable-svn30740.1.25-0.1.fc19.noarch
Jun 09 21:35:17 Installed: 3:texlive-seminar-svn18322.1.5-0.1.fc19.noarch
Jun 09 21:35:17 Installed: 3:texlive-pst-blur-svn15878.2.0-0.1.fc19.noarch
Jun 09 21:35:17 Installed: 3:texlive-pst-slpe-svn24391.1.31-0.1.fc19.noarch
Jun 09 21:35:18 Installed: 3:texlive-powerdot-svn25656.1.4i-0.1.fc19.noarch
Jun 09 21:35:20 Installed: 3:texlive-tex-gyre-svn18651.2.004-0.1.fc19.noarch
Jun 09 21:35:20 Installed: 3:texlive-collection-fontsrecommended-svn30307.0-0.1.20130608_r30832.fc19.noarch
Jun 09 21:35:21 Installed: 3:texlive-ucs-svn30472.2.2-0.1.fc19.noarch
Jun 09 21:35:21 Installed: 3:texlive-beamer-svn29349.3.26-0.1.fc19.noarch
Jun 09 21:35:21 Installed: 3:texlive-ltxmisc-svn21927.0-0.1.fc19.noarch
Jun 09 21:35:21 Installed: 3:texlive-inconsolata-svn19721.0-0.1.fc19.noarch
Jun 09 21:35:21 Installed: 3:texlive-extsizes-svn17263.1.4a-0.1.fc19.noarch
Jun 09 21:35:21 Installed: 3:texlive-pdfpages-svn27574.0.4t-0.1.fc19.noarch
Jun 09 21:35:22 Installed: 3:texlive-ae-svn15878.1.4-0.1.fc19.noarch
Jun 09 21:35:22 Installed: 3:texlive-jknapltx-svn19440.0-0.1.fc19.noarch
Jun 09 21:35:22 Installed: 3:texlive-latex-bin-svn29764.0-0.1.fc19.noarch
Jun 09 21:35:22 Installed: 3:texlive-collection-latex-svn30308.0-0.1.20130608_r30832.fc19.noarch
Jun 09 21:35:22 Installed: 3:texlive-typehtml-svn17134.0-0.1.fc19.noarch
Jun 09 21:35:22 Installed: 3:texlive-metalogo-svn18611.0.12-0.1.fc19.noarch
Jun 09 21:35:22 Installed: 3:texlive-l3experimental-svn29361.SVN_4467-0.1.fc19.noarch
Jun 09 21:35:22 Installed: 3:texlive-mh-svn29420.0-0.1.fc19.noarch
Jun 09 21:35:22 Installed: 3:texlive-collection-latexrecommended-svn30811.0-0.1.20130608_r30832.fc19.noarch
Jun 09 21:35:33 Installed: R-core-3.1.0-5.fc19.i686
Jun 09 21:35:33 Installed: R-java-3.1.0-5.fc19.i686
Jun 09 21:35:35 Installed: texinfo-tex-5.1-1.fc19.i686
Jun 09 21:35:35 Installed: R-core-devel-3.1.0-5.fc19.i686
Jun 09 21:35:38 Installed: 1:java-1.7.0-openjdk-devel-1.7.0.60-2.4.7.0.fc19.i686
Jun 09 21:35:40 Installed: R-java-devel-3.1.0-5.fc19.i686
Jun 09 21:35:40 Installed: R-devel-3.1.0-5.fc19.i686
Jun 09 21:35:40 Installed: R-3.1.0-5.fc19.i686
Jun 17 02:47:18 Installed: 1:liberation-fonts-common-1.07.3-2.fc19.noarch
Jun 17 02:47:18 Updated: 2:libpng-1.5.13-3.fc19.i686
Jun 17 02:47:18 Updated: libtiff-4.0.3-10.fc19.i686
Jun 17 02:47:19 Installed: 1:liberation-mono-fonts-1.07.3-2.fc19.noarch
Jun 17 02:47:20 Updated: kernel-headers-3.14.7-100.fc19.i686
Jun 17 02:48:19 Installed: kernel-debug-devel-3.14.7-100.fc19.i686
Jun 17 02:48:20 Updated: cups-filters-libs-1.0.53-2.fc19.i686
Jun 17 02:48:20 Updated: libtasn1-3.6-1.fc19.i686
Jun 17 02:48:20 Updated: nspr-4.10.6-1.fc19.i686
Jun 17 02:48:20 Updated: openldap-2.4.39-3.fc19.i686
Jun 17 02:48:20 Updated: openssh-6.2p2-8.fc19.i686
Jun 17 02:48:21 Updated: openssh-server-6.2p2-8.fc19.i686
Jun 17 02:48:21 Updated: openssh-clients-6.2p2-8.fc19.i686
Jun 17 02:48:21 Updated: gnutls-3.1.20-5.fc19.i686
Jun 17 02:48:22 Updated: cups-filters-1.0.53-2.fc19.i686
Jun 17 02:48:22 Updated: libcap-ng-0.7.4-1.fc19.i686
Jun 17 02:48:22 Updated: keyutils-libs-1.5.9-1.fc19.i686
Jun 17 02:48:38 Installed: kernel-PAE-3.14.7-100.fc19.i686
Jun 18 17:37:50 Installed: gsl-1.15-8.fc19.i686
Jun 18 17:37:50 Installed: dieharder-libs-3.31.1-9.fc19.i686
Jun 18 17:37:51 Installed: dieharder-3.31.1-9.fc19.i686
Jun 18 17:40:32 Installed: f2c-libs-20110801-3.fc19.i686
Jun 18 17:40:32 Installed: f2c-20110801-3.fc19.i686
Jun 20 01:47:04 Installed: xml-commons-resolver-1.2-12.fc19.noarch
Jun 20 01:47:04 Installed: xerces-j2-2.11.0-14.fc19.noarch
Jun 20 01:47:04 Installed: xalan-j2-2.7.1-22.fc19.noarch
Jun 20 01:47:05 Installed: ant-1.8.4-6.fc19.noarch
Jul 14 22:00:57 Updated: libquadmath-4.8.3-1.fc19.i686
Jul 14 22:00:58 Updated: libgcc-4.8.3-1.fc19.i686
Jul 14 22:00:58 Updated: libstdc++-4.8.3-1.fc19.i686
Jul 14 22:00:58 Updated: libstdc++-devel-4.8.3-1.fc19.i686
Jul 14 22:00:59 Updated: libgfortran-4.8.3-1.fc19.i686
Jul 14 22:00:59 Updated: libgomp-4.8.3-1.fc19.i686
Jul 14 22:01:00 Updated: cpp-4.8.3-1.fc19.i686
Jul 14 22:01:03 Updated: gcc-4.8.3-1.fc19.i686
Jul 14 22:01:03 Updated: libquadmath-devel-4.8.3-1.fc19.i686
Jul 14 22:01:04 Updated: gcc-gfortran-4.8.3-1.fc19.i686
Jul 14 22:01:06 Updated: gcc-c++-4.8.3-1.fc19.i686
Jul 17 04:47:42 Installed: GeoIP-1.4.8-6.fc19.i686
Jul 17 04:47:42 Installed: libunwind-1.1-2.fc19.i686
Jul 17 04:47:42 Installed: gperftools-libs-2.1-1.fc19.i686
Jul 17 04:47:43 Installed: 1:nginx-1.4.7-1.fc19.i686
Jul 17 04:55:32 Updated: libcurl-7.29.0-20.fc19.i686
Jul 17 04:55:32 Updated: audit-libs-2.3.7-1.fc19.i686
Jul 17 04:55:32 Updated: policycoreutils-2.1.14-46.8.fc19.i686
Jul 17 04:55:32 Updated: selinux-policy-3.12.1-74.26.fc19.noarch
Jul 17 04:55:34 Updated: 1:qt-4.8.6-9.fc19.i686
Jul 17 04:55:34 Updated: pcre-8.32-9.fc19.i686
Jul 17 04:55:38 Updated: libgcj-4.8.3-1.fc19.i686
Jul 17 04:55:38 Updated: pcre-devel-8.32-9.fc19.i686
Jul 17 04:55:40 Updated: selinux-policy-targeted-3.12.1-74.26.fc19.noarch
Jul 17 04:56:19 Installed: kernel-debug-devel-3.14.8-100.fc19.i686
Jul 17 04:56:19 Updated: xdg-utils-1.1.0-0.24.rc2.fc19.noarch
Jul 17 04:56:20 Updated: kernel-headers-3.14.8-100.fc19.i686
Jul 17 04:56:23 Updated: 1:java-1.7.0-openjdk-devel-1.7.0.60-2.5.0.1.fc19.i686
Jul 17 04:56:32 Updated: 1:java-1.7.0-openjdk-1.7.0.60-2.5.0.1.fc19.i686
Jul 17 04:56:36 Updated: 1:qt-x11-4.8.6-9.fc19.i686
Jul 17 04:56:36 Updated: audit-2.3.7-1.fc19.i686
Jul 17 04:56:36 Updated: curl-7.29.0-20.fc19.i686
Jul 17 04:56:36 Updated: gnupg2-2.0.24-1.fc19.i686
Jul 17 04:56:38 Updated: ghostscript-9.14-3.fc19.i686
Jul 17 04:57:39 Updated: sendmail-8.14.7-2.fc19.i686
Jul 17 04:57:39 Updated: procps-ng-3.3.8-13.fc19.i686
Jul 17 04:57:39 Updated: libtool-ltdl-2.4.2-24.fc19.i686
Jul 17 04:57:39 Updated: perl-Filter-1.50-1.fc19.i686
Jul 17 04:57:40 Updated: zsh-5.0.5-1.fc19.i686
Jul 17 04:57:40 Updated: libatomic-4.8.3-1.fc19.i686
Jul 17 04:57:49 Installed: kernel-PAE-3.14.8-100.fc19.i686
Jul 17 04:57:49 Updated: libasan-4.8.3-1.fc19.i686
Jul 17 05:01:37 Installed: perl-common-sense-3.6-4.fc19.noarch
Jul 17 05:01:38 Installed: perl-Net-Daemon-0.48-5.fc19.noarch
Jul 17 05:01:38 Installed: perl-IO-Socket-IP-0.29-1.fc19.noarch
Jul 17 05:01:38 Installed: perl-Task-Weaken-1.04-6.fc19.noarch
Jul 17 05:01:38 Installed: 1:mariadb-libs-5.5.38-3.fc19.i686
Jul 17 05:01:38 Installed: perl-BDB-1.90-4.fc19.i686
Jul 17 05:01:38 Installed: perl-IO-AIO-4.15-4.fc19.i686
Jul 17 05:01:38 Installed: perl-Compress-Raw-Zlib-2.060-2.fc19.i686
Jul 17 05:01:38 Installed: perl-Net-SSLeay-1.54-1.fc19.i686
Jul 17 05:01:38 Installed: perl-AnyEvent-7.04-2.fc19.i686
Jul 17 05:01:38 Installed: perl-AnyEvent-BDB-1.1-10.fc19.noarch
Jul 17 05:01:38 Installed: perl-AnyEvent-AIO-1.1-11.fc19.noarch
Jul 17 05:01:42 Installed: 1:mariadb-5.5.38-3.fc19.i686
Jul 17 05:01:42 Installed: perl-EV-4.11-2.fc19.i686
Jul 17 05:01:42 Installed: perl-Compress-Raw-Bzip2-2.060-2.fc19.i686
Jul 17 05:01:42 Installed: perl-IO-Compress-2.060-2.fc19.noarch
Jul 17 05:01:42 Installed: perl-PlRPC-0.2020-13.fc19.noarch
Jul 17 05:01:42 Installed: perl-Event-1.21-2.fc19.i686
Jul 17 05:01:42 Installed: libaio-0.3.109-7.fc19.i686
Jul 17 05:01:42 Installed: perl-Net-LibIDN-0.12-14.fc19.i686
Jul 17 05:01:42 Installed: perl-IO-Socket-SSL-1.88-2.fc19.noarch
Jul 17 05:01:42 Installed: perl-Net-HTTP-6.06-1.fc19.noarch
Jul 17 05:01:42 Installed: perl-Guard-1.022-4.fc19.i686
Jul 17 05:01:42 Installed: perl-Coro-6.23-2.fc19.i686
Jul 17 05:01:43 Installed: perl-DBI-1.623-2.fc19.i686
Jul 17 05:01:43 Installed: perl-DBD-MySQL-4.023-2.fc19.i686
Jul 17 05:01:46 Installed: 1:mariadb-server-5.5.38-3.fc19.i686
Jul 17 05:10:09 Installed: 1:net-snmp-libs-5.7.2-14.fc19.i686
Jul 17 05:10:09 Installed: unixODBC-2.3.2-4.fc19.i686
Jul 17 05:10:09 Installed: lm_sensors-libs-3.3.3-3.fc19.i686
Jul 17 05:10:09 Installed: 1:net-snmp-agent-libs-5.7.2-14.fc19.i686
Jul 17 05:10:10 Installed: 1:net-snmp-5.7.2-14.fc19.i686
Jul 17 05:10:10 Installed: freetds-0.91-6.gitf3ae29d.fc19.i686
Jul 17 05:10:11 Installed: libc-client-2007f-4.fc19.i686
Jul 17 05:10:11 Installed: libzip-0.10.1-6.fc19.i686
Jul 17 05:10:11 Installed: php-process-5.5.14-1.fc19.i686
Jul 17 05:10:11 Installed: php-cli-5.5.14-1.fc19.i686
Jul 17 05:10:11 Installed: php-xml-5.5.14-1.fc19.i686
Jul 17 05:10:12 Installed: php-common-5.5.14-1.fc19.i686
Jul 17 05:10:13 Installed: 1:php-pear-1.9.4-20.fc19.1.noarch
Jul 17 05:10:13 Installed: php-pecl-jsonc-1.3.3-1.fc19.i686
Jul 17 05:10:13 Installed: php-pdo-5.5.14-1.fc19.i686
Jul 17 05:10:13 Installed: libtidy-0.99.0-28.20091203.fc19.i686
Jul 17 05:10:13 Installed: libmcrypt-2.5.8-13.fc19.i686
Jul 17 05:10:13 Installed: php-mcrypt-5.5.14-1.fc19.i686
Jul 17 05:10:13 Installed: php-tidy-5.5.14-1.fc19.i686
Jul 17 05:10:13 Installed: php-mssql-5.5.14-1.fc19.i686
Jul 17 05:10:13 Installed: php-mysqlnd-5.5.14-1.fc19.i686
Jul 17 05:10:13 Installed: php-odbc-5.5.14-1.fc19.i686
Jul 17 05:10:13 Installed: php-soap-5.5.14-1.fc19.i686
Jul 17 05:10:13 Installed: php-imap-5.5.14-1.fc19.i686
Jul 17 05:10:13 Installed: php-ldap-5.5.14-1.fc19.i686
Jul 17 05:10:14 Installed: php-mbstring-5.5.14-1.fc19.i686
Jul 17 05:10:14 Installed: php-shout-0.9.2-14.fc19.i686
Jul 17 05:10:14 Installed: php-snmp-5.5.14-1.fc19.i686
Jul 17 05:10:14 Installed: php-xmlrpc-5.5.14-1.fc19.i686
Jul 17 05:10:14 Installed: php-fpm-5.5.14-1.fc19.i686
Jul 17 05:10:14 Installed: php-magickwand-1.0.9-6.fc19.i686
Jul 17 05:10:14 Installed: php-gd-5.5.14-1.fc19.i686
Jul 17 05:10:28 Installed: php-opcache-5.5.14-1.fc19.i686
Jul 24 22:00:10 Installed: cracklib-dicts-2.8.22-3.fc19.i686
Jul 31 15:27:05 Updated: nss-util-3.16.2-1.fc19.i686
Jul 31 15:27:06 Updated: pcre-8.32-10.fc19.i686
Jul 31 15:27:08 Updated: python-libs-2.7.5-13.fc19.i686
Jul 31 15:27:08 Updated: python-2.7.5-13.fc19.i686
Jul 31 15:27:09 Updated: python-ipython-console-0.13.2-4.fc19.noarch
Jul 31 15:27:09 Updated: os-prober-1.58-8.fc19.i686
Jul 31 15:27:09 Updated: nss-softokn-freebl-3.16.2-1.fc19.i686
Jul 31 15:27:09 Updated: nss-softokn-3.16.2-1.fc19.i686
Jul 31 15:27:10 Updated: nss-sysinit-3.16.2-1.fc19.i686
Jul 31 15:27:10 Updated: nss-3.16.2-1.fc19.i686
Jul 31 15:27:10 Updated: libcurl-7.29.0-21.fc19.i686
Jul 31 15:27:10 Updated: php-common-5.5.14-2.fc19.i686
Jul 31 15:27:10 Updated: php-pdo-5.5.14-2.fc19.i686
Jul 31 15:27:12 Updated: fontconfig-2.10.93-2.fc19.i686
Jul 31 15:27:12 Updated: blas-3.4.2-7.fc19.i686
Jul 31 15:27:12 Updated: blas-devel-3.4.2-7.fc19.i686
Jul 31 15:27:13 Updated: php-xml-5.5.14-2.fc19.i686
Jul 31 15:27:13 Updated: php-cli-5.5.14-2.fc19.i686
Jul 31 15:27:13 Updated: php-process-5.5.14-2.fc19.i686
Jul 31 15:27:14 Updated: python-ipython-notebook-0.13.2-4.fc19.noarch
Jul 31 15:27:14 Updated: python-ipython-gui-0.13.2-4.fc19.noarch
Jul 31 15:27:17 Updated: python3-libs-3.3.2-9.fc19.i686
Jul 31 15:27:17 Updated: tzdata-java-2014e-1.fc19.noarch
Jul 31 15:27:17 Updated: python3-3.3.2-9.fc19.i686
Jul 31 15:27:17 Updated: python-ipython-0.13.2-4.fc19.noarch
Jul 31 15:27:19 Updated: 1:php-pear-1.9.5-1.fc19.noarch
Jul 31 15:27:19 Updated: fontconfig-devel-2.10.93-2.fc19.i686
Jul 31 15:27:19 Updated: php-mysqlnd-5.5.14-2.fc19.i686
Jul 31 15:27:20 Updated: php-mssql-5.5.14-2.fc19.i686
Jul 31 15:27:20 Updated: php-odbc-5.5.14-2.fc19.i686
Jul 31 15:27:20 Updated: php-mcrypt-5.5.14-2.fc19.i686
Jul 31 15:27:20 Updated: php-ldap-5.5.14-2.fc19.i686
Jul 31 15:27:20 Updated: php-soap-5.5.14-2.fc19.i686
Jul 31 15:27:20 Updated: php-xmlrpc-5.5.14-2.fc19.i686
Jul 31 15:27:20 Updated: php-imap-5.5.14-2.fc19.i686
Jul 31 15:27:20 Updated: php-tidy-5.5.14-2.fc19.i686
Jul 31 15:27:20 Updated: php-opcache-5.5.14-2.fc19.i686
Jul 31 15:27:20 Updated: php-fpm-5.5.14-2.fc19.i686
Jul 31 15:27:20 Updated: php-gd-5.5.14-2.fc19.i686
Jul 31 15:27:20 Updated: php-snmp-5.5.14-2.fc19.i686
Jul 31 15:27:21 Updated: php-mbstring-5.5.14-2.fc19.i686
Jul 31 15:27:21 Updated: pcre-devel-8.32-10.fc19.i686
Jul 31 15:27:21 Updated: kernel-headers-3.14.13-100.fc19.i686
Jul 31 15:27:22 Updated: perl-IO-Socket-IP-0.30-2.fc19.noarch
Jul 31 15:28:05 Installed: kernel-debug-devel-3.14.13-100.fc19.i686
Jul 31 15:28:06 Updated: tzdata-2014e-1.fc19.noarch
Jul 31 15:28:15 Updated: 1:java-1.7.0-openjdk-1.7.0.65-2.5.1.2.fc19.i686
Jul 31 15:28:18 Updated: lapack-3.4.2-7.fc19.i686
Jul 31 15:28:19 Updated: 1:grub2-tools-2.00-26.fc19.i686
Jul 31 15:28:20 Updated: 1:grub2-2.00-26.fc19.i686
Jul 31 15:28:20 Updated: lapack-devel-3.4.2-7.fc19.i686
Jul 31 15:28:23 Updated: 1:java-1.7.0-openjdk-devel-1.7.0.65-2.5.1.2.fc19.i686
Jul 31 15:28:23 Updated: curl-7.29.0-21.fc19.i686
Jul 31 15:28:23 Updated: nss-tools-3.16.2-1.fc19.i686
Jul 31 15:28:23 Updated: python-simplejson-3.5.3-1.fc19.i686
Jul 31 15:28:24 Updated: shared-mime-info-1.1-6.fc19.i686
Jul 31 15:28:33 Installed: kernel-PAE-3.14.13-100.fc19.i686
Jul 31 15:28:33 Updated: libtasn1-3.7-1.fc19.i686
Jul 31 15:28:33 Updated: libXfont-1.4.8-1.fc19.i686
Aug 01 20:32:33 Erased: screen-4.1.0-0.16.20120314git3c2946.fc19.i686
Aug 01 20:33:17 Installed: libevent-2.0.18-3.fc19.i686
Aug 01 20:33:17 Installed: tmux-1.8-2.fc19.i686
Aug 03 02:51:42 Installed: python-devel-2.7.5-13.fc19.i686
Aug 03 02:51:42 Installed: 1:numpy-f2py-1.7.2-8.fc19.i686
Aug 03 02:51:42 Installed: tbb-4.0-9.20120408.fc19.i686
Aug 03 02:51:43 Installed: suitesparse-4.0.2-3.fc19.i686
Aug 03 02:51:46 Installed: scipy-0.12.1-1.fc19.i686
Aug 03 02:53:02 Installed: hdf5-1.8.10-5.fc19.i686
Aug 03 02:53:02 Installed: freexl-1.0.0d-4.fc19.i686
Aug 03 02:53:02 Installed: geos-3.3.8-2.fc19.i686
Aug 03 02:53:02 Installed: proj-4.8.0-4.fc19.i686
Aug 03 02:53:03 Installed: libspatialite-4.1.1-1.fc19.i686
Aug 03 02:53:03 Installed: libgeotiff-1.2.5-14.fc19.i686
Aug 03 02:53:03 Installed: netcdf-4.2.1.1-5.fc19.i686
Aug 03 02:53:04 Installed: CharLS-1.0-5.fc19.i686
Aug 03 02:53:04 Installed: cfitsio-3.340-1.fc19.i686
Aug 03 02:53:05 Installed: xerces-c-3.1.1-4.fc19.i686
Aug 03 02:53:05 Installed: arpack-3.1.3-1.fc19.i686
Aug 03 02:53:05 Installed: armadillo-4.320.0-1.fc19.i686
Aug 03 02:53:05 Installed: libdap-3.11.3-3.fc19.i686
Aug 03 02:53:05 Installed: postgresql-libs-9.2.8-1.fc19.i686
Aug 03 02:53:06 Installed: libgta-1.0.4-1.fc19.i686
Aug 03 02:53:07 Installed: gdal-libs-1.9.2-8.fc19.i686
Aug 03 02:53:07 Installed: gdal-python-1.9.2-8.fc19.i686
Aug 30 04:55:59 Updated: python-pillow-2.0.0-14.gitd1c6db8.fc19.i686
Aug 30 04:56:35 Installed: kernel-debug-devel-3.14.17-100.fc19.i686
Aug 30 04:56:36 Updated: kernel-headers-3.14.17-100.fc19.i686
Aug 30 04:56:36 Updated: krb5-libs-1.11.3-25.fc19.i686
Aug 30 04:56:36 Updated: 1:openssl-libs-1.0.1e-39.fc19.i686
Aug 30 04:56:36 Updated: systemd-libs-204-21.fc19.i686
Aug 30 04:56:37 Updated: php-xml-5.5.15-1.fc19.i686
Aug 30 04:56:37 Updated: php-cli-5.5.15-1.fc19.i686
Aug 30 04:56:37 Updated: php-process-5.5.15-1.fc19.i686
Aug 30 04:56:38 Updated: php-common-5.5.15-1.fc19.i686
Aug 30 04:56:39 Updated: 1:php-pear-1.9.5-2.fc19.noarch
Aug 30 04:56:39 Updated: php-pecl-jsonc-1.3.6-1.fc19.i686
Aug 30 04:56:39 Updated: php-pdo-5.5.15-1.fc19.i686
Aug 30 04:56:41 Updated: systemd-204-21.fc19.i686
Aug 30 04:56:41 Updated: systemd-sysv-204-21.fc19.i686
Aug 30 04:56:42 Updated: 1:qt-4.8.6-10.fc19.i686
Aug 30 04:56:42 Updated: subversion-libs-1.7.18-1.fc19.i686
Aug 30 04:56:43 Updated: php-fpm-5.5.15-1.fc19.i686
Aug 30 04:56:43 Updated: php-odbc-5.5.15-1.fc19.i686
Aug 30 04:56:43 Updated: php-mssql-5.5.15-1.fc19.i686
Aug 30 04:56:43 Updated: php-mysqlnd-5.5.15-1.fc19.i686
Aug 30 04:56:43 Updated: php-mcrypt-5.5.15-1.fc19.i686
Aug 30 04:56:43 Updated: php-snmp-5.5.15-1.fc19.i686
Aug 30 04:56:43 Updated: php-imap-5.5.15-1.fc19.i686
Aug 30 04:56:43 Updated: php-gd-5.5.15-1.fc19.i686
Aug 30 04:56:43 Updated: php-mbstring-5.5.15-1.fc19.i686
Aug 30 04:56:43 Updated: php-xmlrpc-5.5.15-1.fc19.i686
Aug 30 04:56:43 Updated: php-opcache-5.5.15-1.fc19.i686
Aug 30 04:56:43 Updated: php-ldap-5.5.15-1.fc19.i686
Aug 30 04:56:43 Updated: php-soap-5.5.15-1.fc19.i686
Aug 30 04:56:43 Updated: php-tidy-5.5.15-1.fc19.i686
Aug 30 04:56:44 Updated: subversion-1.7.18-1.fc19.i686
Aug 30 04:56:47 Updated: 1:qt-x11-4.8.6-10.fc19.i686
Aug 30 04:56:47 Updated: libgudev1-204-21.fc19.i686
Aug 30 04:56:47 Updated: 1:openssl-1.0.1e-39.fc19.i686
Aug 30 04:56:47 Updated: SDL-1.2.15-13.fc19.i686
Aug 30 04:56:55 Installed: kernel-PAE-3.14.17-100.fc19.i686
Sep 07 08:00:29 Updated: libcurl-7.29.0-22.fc19.i686
Sep 07 08:00:30 Updated: php-common-5.5.16-1.fc19.i686
Sep 07 08:00:30 Updated: php-pdo-5.5.16-1.fc19.i686
Sep 07 08:00:30 Updated: php-mysqlnd-5.5.16-1.fc19.i686
Sep 07 08:00:30 Updated: php-odbc-5.5.16-1.fc19.i686
Sep 07 08:00:30 Updated: php-mssql-5.5.16-1.fc19.i686
Sep 07 08:00:30 Updated: php-gd-5.5.16-1.fc19.i686
Sep 07 08:00:30 Updated: php-snmp-5.5.16-1.fc19.i686
Sep 07 08:00:30 Updated: php-process-5.5.16-1.fc19.i686
Sep 07 08:00:30 Updated: php-ldap-5.5.16-1.fc19.i686
Sep 07 08:00:30 Updated: php-opcache-5.5.16-1.fc19.i686
Sep 07 08:00:31 Updated: php-cli-5.5.16-1.fc19.i686
Sep 07 08:00:31 Updated: php-xml-5.5.16-1.fc19.i686
Sep 07 08:00:31 Updated: php-tidy-5.5.16-1.fc19.i686
Sep 07 08:00:31 Updated: php-mcrypt-5.5.16-1.fc19.i686
Sep 07 08:00:32 Updated: php-mbstring-5.5.16-1.fc19.i686
Sep 07 08:00:32 Updated: php-soap-5.5.16-1.fc19.i686
Sep 07 08:00:32 Updated: php-xmlrpc-5.5.16-1.fc19.i686
Sep 07 08:00:32 Updated: php-fpm-5.5.16-1.fc19.i686
Sep 07 08:00:32 Updated: php-imap-5.5.16-1.fc19.i686
Sep 07 08:00:32 Updated: curl-7.29.0-22.fc19.i686
Sep 07 08:00:33 Updated: gnupg2-2.0.25-1.fc19.i686
Sep 07 08:00:33 Updated: pixman-0.30.0-5.fc19.i686
Sep 25 18:07:04 Updated: 2:vim-filesystem-7.4.417-1.fc19.i686
Sep 25 18:07:04 Updated: bash-4.2.47-2.fc19.i686
Sep 25 18:07:04 Updated: nspr-4.10.7-1.fc19.i686
Sep 25 18:07:04 Updated: nss-util-3.17.0-1.fc19.i686
Sep 25 18:07:04 Updated: elfutils-libelf-0.160-1.fc19.i686
Sep 25 18:07:05 Updated: 1:mariadb-libs-5.5.39-1.fc19.i686
Sep 25 18:07:05 Updated: elfutils-libs-0.160-1.fc19.i686
Sep 25 18:07:05 Updated: nss-softokn-freebl-3.17.0-1.fc19.i686
Sep 25 18:07:05 Updated: nss-softokn-3.17.0-1.fc19.i686
Sep 25 18:07:05 Updated: nss-sysinit-3.17.0-1.fc19.i686
Sep 25 18:07:05 Updated: nss-3.17.0-1.fc19.i686
Sep 25 18:07:06 Updated: 1:net-snmp-libs-5.7.2-15.fc19.i686
Sep 25 18:07:06 Installed: boost-system-1.53.0-14.fc19.i686
Sep 25 18:07:06 Updated: redhat-lsb-submod-security-4.1-15.1.fc19.i686
Sep 25 18:07:06 Installed: boost-thread-1.53.0-14.fc19.i686
Sep 25 18:07:06 Updated: dyninst-8.2.0-1.fc19.i686
Sep 25 18:07:07 Updated: systemtap-runtime-2.5-3.fc19.i686
Sep 25 18:07:09 Updated: systemtap-client-2.5-3.fc19.i686
Sep 25 18:07:09 Updated: 1:net-snmp-agent-libs-5.7.2-15.fc19.i686
Sep 25 18:07:09 Updated: systemtap-devel-2.5-3.fc19.i686
Sep 25 18:07:12 Updated: 1:mariadb-5.5.39-1.fc19.i686
Sep 25 18:07:15 Updated: 2:vim-common-7.4.417-1.fc19.i686
Sep 25 18:07:15 Updated: libRmath-3.1.1-3.fc19.i686
Sep 25 18:07:15 Updated: libRmath-devel-3.1.1-3.fc19.i686
Sep 25 18:07:15 Updated: 2:vim-minimal-7.4.417-1.fc19.i686
Sep 25 18:07:15 Updated: systemtap-2.5-3.fc19.i686
Sep 25 18:07:15 Updated: redhat-lsb-core-4.1-15.1.fc19.i686
Sep 25 18:07:17 Updated: 1:php-pear-1.9.5-3.fc19.noarch
Sep 25 18:07:17 Updated: xerces-j2-2.11.0-15.fc19.noarch
Sep 25 18:07:18 Updated: poppler-data-0.4.7-1.fc19.noarch
Sep 25 18:07:30 Updated: R-core-3.1.1-3.fc19.i686
Sep 25 18:07:30 Updated: R-core-devel-3.1.1-3.fc19.i686
Sep 25 18:07:32 Updated: R-java-devel-3.1.1-3.fc19.i686
Sep 25 18:07:32 Updated: R-devel-3.1.1-3.fc19.i686
Sep 25 18:07:33 Updated: R-java-3.1.1-3.fc19.i686
Sep 25 18:07:33 Updated: R-3.1.1-3.fc19.i686
Sep 25 18:07:33 Updated: 2:vim-enhanced-7.4.417-1.fc19.i686
Sep 25 18:07:37 Updated: 1:mariadb-server-5.5.39-1.fc19.i686
Sep 25 18:07:37 Updated: 1:net-snmp-5.7.2-15.fc19.i686
Sep 25 18:07:37 Updated: nss-tools-3.17.0-1.fc19.i686
Sep 25 18:07:37 Updated: procmail-3.22-36.fc19.i686
Sep 25 18:07:38 Updated: zsh-5.0.6-1.fc19.i686
Sep 26 21:48:05 Installed: 1:valgrind-3.8.1-15.fc19.i686
Oct 02 08:04:43 Updated: bash-4.2.48-2.fc19.i686
Oct 02 08:04:43 Updated: libgcc-4.8.3-7.fc19.i686
Oct 02 08:04:43 Updated: libstdc++-4.8.3-7.fc19.i686
Oct 02 08:04:44 Updated: libquadmath-4.8.3-7.fc19.i686
Oct 02 08:04:44 Updated: libstdc++-devel-4.8.3-7.fc19.i686
Oct 02 08:04:44 Updated: libgfortran-4.8.3-7.fc19.i686
Oct 02 08:04:45 Updated: libasan-4.8.3-7.fc19.i686
Oct 02 08:04:46 Updated: cpp-4.8.3-7.fc19.i686
Oct 02 08:04:46 Updated: libgomp-4.8.3-7.fc19.i686
Oct 02 08:04:46 Updated: libatomic-4.8.3-7.fc19.i686
Oct 02 08:05:24 Installed: kernel-debug-devel-3.14.19-100.fc19.i686
Oct 02 08:05:24 Updated: kernel-headers-3.14.19-100.fc19.i686
Oct 02 08:05:27 Updated: gcc-4.8.3-7.fc19.i686
Oct 02 08:05:27 Updated: libquadmath-devel-4.8.3-7.fc19.i686
Oct 02 08:05:29 Updated: gcc-gfortran-4.8.3-7.fc19.i686
Oct 02 08:05:30 Updated: gcc-c++-4.8.3-7.fc19.i686
Oct 02 08:05:35 Updated: libgcj-4.8.3-7.fc19.i686
Oct 02 08:05:43 Installed: kernel-PAE-3.14.19-100.fc19.i686
